<?xml version="1.0" encoding="UTF-8"?>
<!-- Generated by org.testng.reporters.JUnitReportReporter -->
<testsuite skipped="0" hostname="Tanzir-PC" name="com.maven.selenium4.selenium4.GetDimention" tests="1" failures="0" timestamp="2019-11-13T22:41:05 EST" time="28.055" errors="0">
  <testcase name="elementHight" time="28.055" classname="com.maven.selenium4.selenium4.GetDimention"/>
</testsuite> <!-- com.maven.selenium4.selenium4.GetDimention -->
